c:\users\sam\onedrive\c++\source\sam' c++\sam' c++\debug\vc120.pdb
c:\users\sam\onedrive\c++\source\sam' c++\sam' c++\debug\vc120.idb
c:\users\sam\onedrive\c++\source\sam' c++\sam' c++\debug\matrix.nativecodeanalysis.xml
c:\users\sam\onedrive\c++\source\sam' c++\sam' c++\debug\matrix.obj
c:\users\sam\onedrive\c++\source\sam' c++\sam' c++\debug\高精度.obj
c:\users\sam\onedrive\c++\source\sam' c++\sam' c++\debug\日期类的应用.obj
c:\users\sam\onedrive\c++\source\sam' c++\sam' c++\debug\test 3.obj
c:\users\sam\onedrive\c++\source\sam' c++\sam' c++\debug\9-5_6.obj
c:\users\sam\onedrive\c++\source\sam' c++\sam' c++\debug\源.obj
c:\users\sam\onedrive\c++\source\sam' c++\sam' c++\debug\9-10.obj
c:\users\sam\onedrive\c++\source\sam' c++\sam' c++\debug\9-10,12,14,15,17,19.obj
c:\users\sam\onedrive\c++\source\sam' c++\sam' c++\debug\10-3,4,5.obj
c:\users\sam\onedrive\c++\source\sam' c++\sam' c++\debug\10-6.obj
c:\users\sam\onedrive\c++\source\sam' c++\sam' c++\debug\11-7.obj
c:\users\sam\onedrive\c++\source\sam' c++\sam' c++\debug\11-8.obj
c:\users\sam\onedrive\c++\source\sam' c++\sam' c++\debug\1.obj
c:\users\sam\onedrive\c++\source\sam' c++\sam' c++\debug\2.obj
c:\users\sam\onedrive\c++\source\sam' c++\sam' c++\debug\3.obj
c:\users\sam\onedrive\c++\source\sam' c++\sam' c++\debug\4.obj
c:\users\sam\onedrive\c++\source\sam' c++\sam' c++\debug\11-9.obj
c:\users\sam\onedrive\c++\source\sam' c++\sam' c++\debug\11-10.obj
c:\users\sam\onedrive\c++\source\sam' c++\sam' c++\debug\11-3,4,5.obj
c:\users\sam\onedrive\c++\source\sam' c++\sam' c++\debug\sdas.obj
c:\users\sam\onedrive\c++\source\sam' c++\sam' c++\debug\thread.obj
c:\users\sam\onedrive\c++\source\sam' c++\sam' c++\debug\7-13.obj
c:\users\sam\onedrive\c++\source\sam' c++\sam' c++\debug\7-15.obj
c:\users\sam\onedrive\c++\source\sam' c++\sam' c++\debug\pthread-矩阵乘法.obj
c:\users\sam\onedrive\c++\source\sam' c++\sam' c++\debug\pthread-积分.obj
c:\users\sam\onedrive\c++\source\sam' c++\sam' c++\debug\梯形积分.obj
c:\users\sam\onedrive\c++\source\sam' c++\sam' c++\debug\test.obj
c:\users\sam\onedrive\c++\source\sam' c++\debug\sam' c++.ilk
c:\users\sam\onedrive\c++\source\sam' c++\debug\sam' c++.exe
c:\users\sam\onedrive\c++\source\sam' c++\debug\sam' c++.pdb
c:\users\sam\onedrive\c++\source\sam' c++\sam' c++\debug\nativecodeanalysis.read.1.tlog
c:\users\sam\onedrive\c++\source\sam' c++\sam' c++\debug\vc.nativecodeanalysis.all.xml
c:\users\sam\onedrive\c++\source\sam' c++\debug\sam' c++.exe.lastcodeanalysissucceeded
c:\users\sam\onedrive\c++\source\sam' c++\sam' c++\debug\sam' c++.tlog\cl.command.1.tlog
c:\users\sam\onedrive\c++\source\sam' c++\sam' c++\debug\sam' c++.tlog\cl.read.1.tlog
c:\users\sam\onedrive\c++\source\sam' c++\sam' c++\debug\sam' c++.tlog\cl.write.1.tlog
c:\users\sam\onedrive\c++\source\sam' c++\sam' c++\debug\sam' c++.tlog\link.command.1.tlog
c:\users\sam\onedrive\c++\source\sam' c++\sam' c++\debug\sam' c++.tlog\link.read.1.tlog
c:\users\sam\onedrive\c++\source\sam' c++\sam' c++\debug\sam' c++.tlog\link.write.1.tlog
